<?xml version="1.0" encoding="UTF-8"?>
<testsuite name="Assignment"
           tests="6"
           failures="0"
           errors="0"
           skipped="0"
           time="0.023">
    <properties></properties>



            <testcase
                name="test1"
                time="0.002"
                classname="Assignment">
            </testcase>
            <testcase
                name="test1"
                time="0.000"
                classname="Assignment">
            </testcase>
            <testcase
                name="test1"
                time="0.001"
                classname="Assignment">
            </testcase>
            <testcase
                name="test1"
                time="0.001"
                classname="Assignment">
            </testcase>
            <testcase
                name="test1"
                time="0.010"
                classname="Assignment">
            </testcase>
            <testcase
                name="test1"
                time="0.009"
                classname="Assignment">
            </testcase>
</testsuite>
