<?xml version="1.0" encoding="UTF-8"?>
<testsuite name="Grade Test"
           tests="31"
           failures="0"
           errors="0"
           skipped="0"
           time="0.029">
    <properties></properties>



            <testcase
                name="getGrade"
                time="0.000"
                classname="Grade">
            </testcase>
            <testcase
                name="getGrade"
                time="0.001"
                classname="Grade">
            </testcase>
            <testcase
                name="getGrade"
                time="0.000"
                classname="Grade">
            </testcase>
            <testcase
                name="getGrade"
                time="0.001"
                classname="Grade">
            </testcase>
            <testcase
                name="getGrade"
                time="0.002"
                classname="Grade">
            </testcase>
            <testcase
                name="getGrade"
                time="0.001"
                classname="Grade">
            </testcase>
            <testcase
                name="getGrade"
                time="0.000"
                classname="Grade">
            </testcase>
            <testcase
                name="test1"
                time="0.000"
                classname="Grade">
            </testcase>
            <testcase
                name="getGrade"
                time="0.001"
                classname="Grade">
            </testcase>
            <testcase
                name="getGrade"
                time="0.000"
                classname="Grade">
            </testcase>
            <testcase
                name="getGrade"
                time="0.002"
                classname="Grade">
            </testcase>
            <testcase
                name="getGrade"
                time="0.000"
                classname="Grade">
            </testcase>
            <testcase
                name="getGrade"
                time="0.001"
                classname="Grade">
            </testcase>
            <testcase
                name="getGrade"
                time="0.001"
                classname="Grade">
            </testcase>
            <testcase
                name="getGrade"
                time="0.001"
                classname="Grade">
            </testcase>
            <testcase
                name="getGrade"
                time="0.000"
                classname="Grade">
            </testcase>
            <testcase
                name="getGrade"
                time="0.000"
                classname="Grade">
            </testcase>
            <testcase
                name="getGrade"
                time="0.001"
                classname="Grade">
            </testcase>
            <testcase
                name="getGrade"
                time="0.000"
                classname="Grade">
            </testcase>
            <testcase
                name="getGrade"
                time="0.000"
                classname="Grade">
            </testcase>
            <testcase
                name="getGrade"
                time="0.001"
                classname="Grade">
            </testcase>
            <testcase
                name="test2"
                time="0.000"
                classname="Grade">
            </testcase>
            <testcase
                name="test3"
                time="0.000"
                classname="Grade">
            </testcase>
            <testcase
                name="getGrade"
                time="0.001"
                classname="Grade">
            </testcase>
            <testcase
                name="getGrade"
                time="0.001"
                classname="Grade">
            </testcase>
            <testcase
                name="getGrade"
                time="0.001"
                classname="Grade">
            </testcase>
            <testcase
                name="getGrade"
                time="0.000"
                classname="Grade">
            </testcase>
            <testcase
                name="test4"
                time="0.000"
                classname="Grade">
            </testcase>
            <testcase
                name="getGrade"
                time="0.001"
                classname="Grade">
            </testcase>
            <testcase
                name="getGrade"
                time="0.007"
                classname="Grade">
            </testcase>
            <testcase
                name="getGrade"
                time="0.005"
                classname="Grade">
            </testcase>
</testsuite>
